#
# There is insufficient memory for the Java Runtime Environment to continue.
# Native memory allocation (malloc) failed to allocate 32744 bytes for ChunkPool::allocate
# Possible reasons:
#   The system is out of physical RAM or swap space
#   The process is running with CompressedOops enabled, and the Java Heap may be blocking the growth of the native heap
# Possible solutions:
#   Reduce memory load on the system
#   Increase physical memory or swap space
#   Check if swap backing store is full
#   Decrease Java heap size (-Xmx/-Xms)
#   Decrease number of Java threads
#   Decrease Java thread stack sizes (-Xss)
#   Set larger code cache with -XX:ReservedCodeCacheSize=
#   JVM is running with Zero Based Compressed Oops mode in which the Java heap is
#     placed in the first 32GB address space. The Java Heap base address is the
#     maximum limit for the native heap growth. Please use -XX:HeapBaseMinAddress
#     to set the Java Heap base and to place the Java Heap above 32GB virtual address.
# This output file may be truncated or incomplete.
#
#  Out of Memory Error (src/hotspot/share/memory/arena.cpp:81), pid=4288, tid=12240
#
# JRE version: OpenJDK Runtime Environment JBR-11.0.14.1.1-2043.25-jcef (11.0.14.1+1) (build 11.0.14.1+1-b2043.25)
# Java VM: OpenJDK 64-Bit Server VM JBR-11.0.14.1.1-2043.25-jcef (11.0.14.1+1-b2043.25, mixed mode, tiered, compressed oops, g1 gc, windows-amd64)
# No core dump will be written. Minidumps are not enabled by default on client versions of Windows
#

---------------  S U M M A R Y ------------

Command Line: git4idea.editor.GitRebaseEditorApp 63342 E:/it/git/learning-git/.git/COMMIT_EDITMSG

Host: AMD Ryzen 5 3400G with Radeon Vega Graphics    , 8 cores, 13G,  Windows 10 , 64 bit Build 19041 (10.0.19041.1503)
Time: Sat May 28 22:25:46 2022 Беларусь (зима) elapsed time: 0.239146 seconds (0d 0h 0m 0s)

---------------  T H R E A D  ---------------

Current thread (0x00000204ff996000):  JavaThread "C2 CompilerThread0" daemon [_thread_in_native, id=12240, stack(0x0000001d11a00000,0x0000001d11b00000)]


Current CompileTask:
C2:    239  132 %     4       java.util.zip.ZipFile$Source::hashN @ 2 (26 bytes)

Stack: [0x0000001d11a00000,0x0000001d11b00000]
Native frames: (J=compiled Java code, j=interpreted, Vv=VM code, C=native code)
V  [jvm.dll+0x61618a]
V  [jvm.dll+0x79c450]
V  [jvm.dll+0x79da6d]
V  [jvm.dll+0x79e143]
V  [jvm.dll+0x24c968]
V  [jvm.dll+0xc165b]
V  [jvm.dll+0xc190c]
V  [jvm.dll+0x6694f3]
V  [jvm.dll+0x19ef48]
V  [jvm.dll+0x204ede]
V  [jvm.dll+0x203f57]
V  [jvm.dll+0x18b5e1]
V  [jvm.dll+0x212c6f]
V  [jvm.dll+0x211511]
V  [jvm.dll+0x762b9f]
V  [jvm.dll+0x75b755]
V  [jvm.dll+0x614df6]
C  [ucrtbase.dll+0x21bb2]
C  [KERNEL32.DLL+0x17034]
C  [ntdll.dll+0x52651]


---------------  P R O C E S S  ---------------

Threads class SMR info:
_java_thread_list=0x00000204ffb58030, length=12, elements={
0x00000204f590a800, 0x00000204ff90b800, 0x00000204ff930800, 0x00000204ff98c000,
0x00000204ff98d000, 0x00000204ff98e800, 0x00000204ff996000, 0x00000204ff99c000,
0x00000204ff9a9800, 0x00000204ffb4f800, 0x00000204ff999800, 0x00000204ff997000
}

Java Threads: ( => current thread )
  0x00000204f590a800 JavaThread "main" [_thread_blocked, id=4540, stack(0x0000001d10e00000,0x0000001d10f00000)]
  0x00000204ff90b800 JavaThread "Reference Handler" daemon [_thread_blocked, id=6260, stack(0x0000001d11500000,0x0000001d11600000)]
  0x00000204ff930800 JavaThread "Finalizer" daemon [_thread_blocked, id=14144, stack(0x0000001d11600000,0x0000001d11700000)]
  0x00000204ff98c000 JavaThread "Signal Dispatcher" daemon [_thread_blocked, id=16688, stack(0x0000001d11700000,0x0000001d11800000)]
  0x00000204ff98d000 JavaThread "Attach Listener" daemon [_thread_blocked, id=11792, stack(0x0000001d11800000,0x0000001d11900000)]
  0x00000204ff98e800 JavaThread "Service Thread" daemon [_thread_blocked, id=13936, stack(0x0000001d11900000,0x0000001d11a00000)]
=>0x00000204ff996000 JavaThread "C2 CompilerThread0" daemon [_thread_in_native, id=12240, stack(0x0000001d11a00000,0x0000001d11b00000)]
  0x00000204ff99c000 JavaThread "C1 CompilerThread0" daemon [_thread_in_native, id=3700, stack(0x0000001d11b00000,0x0000001d11c00000)]
  0x00000204ff9a9800 JavaThread "Sweeper thread" daemon [_thread_blocked, id=5416, stack(0x0000001d11c00000,0x0000001d11d00000)]
  0x00000204ffb4f800 JavaThread "Common-Cleaner" daemon [_thread_blocked, id=14464, stack(0x0000001d11e00000,0x0000001d11f00000)]
  0x00000204ff999800 JavaThread "C2 CompilerThread1" daemon [_thread_blocked, id=18424, stack(0x0000001d11f00000,0x0000001d12000000)]
  0x00000204ff997000 JavaThread "C2 CompilerThread2" daemon [_thread_in_vm, id=10388, stack(0x0000001d12000000,0x0000001d12100000)]

Other Threads:
  0x00000204ff908000 VMThread "VM Thread" [stack: 0x0000001d11400000,0x0000001d11500000] [id=5124]
  0x00000204ffb43000 WatcherThread [stack: 0x0000001d11d00000,0x0000001d11e00000] [id=9476]
  0x00000204f5923800 GCTaskThread "GC Thread#0" [stack: 0x0000001d10f00000,0x0000001d11000000] [id=10704]
  0x00000204f5977000 ConcurrentGCThread "G1 Main Marker" [stack: 0x0000001d11000000,0x0000001d11100000] [id=11224]
  0x00000204f5978000 ConcurrentGCThread "G1 Conc#0" [stack: 0x0000001d11100000,0x0000001d11200000] [id=14396]
  0x00000204f59ee800 ConcurrentGCThread "G1 Refine#0" [stack: 0x0000001d11200000,0x0000001d11300000] [id=6160]
  0x00000204fef68800 ConcurrentGCThread "G1 Young RemSet Sampling" [stack: 0x0000001d11300000,0x0000001d11400000] [id=5812]

Threads with active compile tasks:
C2 CompilerThread0    278  132 %     4       java.util.zip.ZipFile$Source::hashN @ 2 (26 bytes)
C1 CompilerThread0    278  131       3       java.util.zip.ZipFile$Source::initCEN (697 bytes)
C2 CompilerThread2    278  143       4       java.lang.CharacterDataLatin1::getProperties (11 bytes)

VM state:synchronizing (normal execution)

VM Mutex/Monitor currently owned by a thread:  ([mutex/lock_event])
[0x00000204f5905d50] Threads_lock - owner thread: 0x00000204ff908000
[0x00000204f5906890] Compile_lock - owner thread: 0x00000204f590a800

Heap address: 0x0000000720c00000, size: 3572 MB, Compressed Oops mode: Zero based, Oop shift amount: 3
Narrow klass base: 0x0000000800000000, Narrow klass shift: 0
Compressed class space size: 1073741824 Address: 0x0000000800000000

Heap:
 garbage-first heap   total 229376K, used 15360K [0x0000000720c00000, 0x0000000800000000)
  region size 1024K, 3 young (3072K), 0 survivors (0K)
 Metaspace       used 4687K, capacity 4744K, committed 4864K, reserved 1056768K
  class space    used 404K, capacity 428K, committed 512K, reserved 1048576K
Heap Regions: E=young(eden), S=young(survivor), O=old, HS=humongous(starts), HC=humongous(continues), CS=collection set, F=free, A=archive, TAMS=top-at-mark-start (previous, next)
|   0|0x0000000720c00000, 0x0000000720d00000, 0x0000000720d00000|100%|HS|  |TAMS 0x0000000720c00000, 0x0000000720c00000| Complete 
|   1|0x0000000720d00000, 0x0000000720e00000, 0x0000000720e00000|100%|HC|  |TAMS 0x0000000720d00000, 0x0000000720d00000| Complete 
|   2|0x0000000720e00000, 0x0000000720f00000, 0x0000000720f00000|100%|HC|  |TAMS 0x0000000720e00000, 0x0000000720e00000| Complete 
|   3|0x0000000720f00000, 0x0000000721000000, 0x0000000721000000|100%|HC|  |TAMS 0x0000000720f00000, 0x0000000720f00000| Complete 
|   4|0x0000000721000000, 0x0000000721100000, 0x0000000721100000|100%|HC|  |TAMS 0x0000000721000000, 0x0000000721000000| Complete 
|   5|0x0000000721100000, 0x0000000721200000, 0x0000000721200000|100%|HC|  |TAMS 0x0000000721100000, 0x0000000721100000| Complete 
|   6|0x0000000721200000, 0x0000000721300000, 0x0000000721300000|100%|HC|  |TAMS 0x0000000721200000, 0x0000000721200000| Complete 
|   7|0x0000000721300000, 0x0000000721400000, 0x0000000721400000|100%|HC|  |TAMS 0x0000000721300000, 0x0000000721300000| Complete 
|   8|0x0000000721400000, 0x0000000721500000, 0x0000000721500000|100%|HC|  |TAMS 0x0000000721400000, 0x0000000721400000| Complete 
|   9|0x0000000721500000, 0x0000000721600000, 0x0000000721600000|100%|HC|  |TAMS 0x0000000721500000, 0x0000000721500000| Complete 
|  10|0x0000000721600000, 0x0000000721700000, 0x0000000721700000|100%|HC|  |TAMS 0x0000000721600000, 0x0000000721600000| Complete 
|  11|0x0000000721700000, 0x0000000721800000, 0x0000000721800000|100%|HS|  |TAMS 0x0000000721700000, 0x0000000721700000| Complete 
|  12|0x0000000721800000, 0x0000000721900000, 0x0000000721900000|100%|HC|  |TAMS 0x0000000721800000, 0x0000000721800000| Complete 
|  13|0x0000000721900000, 0x0000000721900000, 0x0000000721a00000|  0%| F|  |TAMS 0x0000000721900000, 0x0000000721900000| Untracked 
|  14|0x0000000721a00000, 0x0000000721a00000, 0x0000000721b00000|  0%| F|  |TAMS 0x0000000721a00000, 0x0000000721a00000| Untracked 
|  15|0x0000000721b00000, 0x0000000721b00000, 0x0000000721c00000|  0%| F|  |TAMS 0x0000000721b00000, 0x0000000721b00000| Untracked 
|  16|0x0000000721c00000, 0x0000000721c00000, 0x0000000721d00000|  0%| F|  |TAMS 0x0000000721c00000, 0x0000000721c00000| Untracked 
|  17|0x0000000721d00000, 0x0000000721d00000, 0x0000000721e00000|  0%| F|  |TAMS 0x0000000721d00000, 0x0000000721d00000| Untracked 
|  18|0x0000000721e00000, 0x0000000721e00000, 0x0000000721f00000|  0%| F|  |TAMS 0x0000000721e00000, 0x0000000721e00000| Untracked 
|  19|0x0000000721f00000, 0x0000000721f00000, 0x0000000722000000|  0%| F|  |TAMS 0x0000000721f00000, 0x0000000721f00000| Untracked 
|  20|0x0000000722000000, 0x0000000722000000, 0x0000000722100000|  0%| F|  |TAMS 0x0000000722000000, 0x0000000722000000| Untracked 
|  21|0x0000000722100000, 0x0000000722100000, 0x0000000722200000|  0%| F|  |TAMS 0x0000000722100000, 0x0000000722100000| Untracked 
|  22|0x0000000722200000, 0x0000000722200000, 0x0000000722300000|  0%| F|  |TAMS 0x0000000722200000, 0x0000000722200000| Untracked 
|  23|0x0000000722300000, 0x0000000722300000, 0x0000000722400000|  0%| F|  |TAMS 0x0000000722300000, 0x0000000722300000| Untracked 
|  24|0x0000000722400000, 0x0000000722400000, 0x0000000722500000|  0%| F|  |TAMS 0x0000000722400000, 0x0000000722400000| Untracked 
|  25|0x0000000722500000, 0x0000000722500000, 0x0000000722600000|  0%| F|  |TAMS 0x0000000722500000, 0x0000000722500000| Untracked 
|  26|0x0000000722600000, 0x0000000722600000, 0x0000000722700000|  0%| F|  |TAMS 0x0000000722600000, 0x0000000722600000| Untracked 
|  27|0x0000000722700000, 0x0000000722700000, 0x0000000722800000|  0%| F|  |TAMS 0x0000000722700000, 0x0000000722700000| Untracked 
|  28|0x0000000722800000, 0x0000000722800000, 0x0000000722900000|  0%| F|  |TAMS 0x0000000722800000, 0x0000000722800000| Untracked 
|  29|0x0000000722900000, 0x0000000722900000, 0x0000000722a00000|  0%| F|  |TAMS 0x0000000722900000, 0x0000000722900000| Untracked 
|  30|0x0000000722a00000, 0x0000000722a00000, 0x0000000722b00000|  0%| F|  |TAMS 0x0000000722a00000, 0x0000000722a00000| Untracked 
|  31|0x0000000722b00000, 0x0000000722b00000, 0x0000000722c00000|  0%| F|  |TAMS 0x0000000722b00000, 0x0000000722b00000| Untracked 
|  32|0x0000000722c00000, 0x0000000722c00000, 0x0000000722d00000|  0%| F|  |TAMS 0x0000000722c00000, 0x0000000722c00000| Untracked 
|  33|0x0000000722d00000, 0x0000000722d00000, 0x0000000722e00000|  0%| F|  |TAMS 0x0000000722d00000, 0x0000000722d00000| Untracked 
|  34|0x0000000722e00000, 0x0000000722e00000, 0x0000000722f00000|  0%| F|  |TAMS 0x0000000722e00000, 0x0000000722e00000| Untracked 
|  35|0x0000000722f00000, 0x0000000722f00000, 0x0000000723000000|  0%| F|  |TAMS 0x0000000722f00000, 0x0000000722f00000| Untracked 
|  36|0x0000000723000000, 0x0000000723000000, 0x0000000723100000|  0%| F|  |TAMS 0x0000000723000000, 0x0000000723000000| Untracked 
|  37|0x0000000723100000, 0x0000000723100000, 0x0000000723200000|  0%| F|  |TAMS 0x0000000723100000, 0x0000000723100000| Untracked 
|  38|0x0000000723200000, 0x0000000723200000, 0x0000000723300000|  0%| F|  |TAMS 0x0000000723200000, 0x0000000723200000| Untracked 
|  39|0x0000000723300000, 0x0000000723300000, 0x0000000723400000|  0%| F|  |TAMS 0x0000000723300000, 0x0000000723300000| Untracked 
|  40|0x0000000723400000, 0x0000000723400000, 0x0000000723500000|  0%| F|  |TAMS 0x0000000723400000, 0x0000000723400000| Untracked 
|  41|0x0000000723500000, 0x0000000723500000, 0x0000000723600000|  0%| F|  |TAMS 0x0000000723500000, 0x0000000723500000| Untracked 
|  42|0x0000000723600000, 0x0000000723600000, 0x0000000723700000|  0%| F|  |TAMS 0x0000000723600000, 0x0000000723600000| Untracked 
|  43|0x0000000723700000, 0x0000000723700000, 0x0000000723800000|  0%| F|  |TAMS 0x0000000723700000, 0x0000000723700000| Untracked 
|  44|0x0000000723800000, 0x0000000723800000, 0x0000000723900000|  0%| F|  |TAMS 0x0000000723800000, 0x0000000723800000| Untracked 
|  45|0x0000000723900000, 0x0000000723900000, 0x0000000723a00000|  0%| F|  |TAMS 0x0000000723900000, 0x0000000723900000| Untracked 
|  46|0x0000000723a00000, 0x0000000723a00000, 0x0000000723b00000|  0%| F|  |TAMS 0x0000000723a00000, 0x0000000723a00000| Untracked 
|  47|0x0000000723b00000, 0x0000000723b00000, 0x0000000723c00000|  0%| F|  |TAMS 0x0000000723b00000, 0x0000000723b00000| Untracked 
|  48|0x0000000723c00000, 0x0000000723c00000, 0x0000000723d00000|  0%| F|  |TAMS 0x0000000723c00000, 0x0000000723c00000| Untracked 
|  49|0x0000000723d00000, 0x0000000723d00000, 0x0000000723e00000|  0%| F|  |TAMS 0x0000000723d00000, 0x0000000723d00000| Untracked 
|  50|0x0000000723e00000, 0x0000000723e00000, 0x0000000723f00000|  0%| F|  |TAMS 0x0000000723e00000, 0x0000000723e00000| Untracked 
|  51|0x0000000723f00000, 0x0000000723f00000, 0x0000000724000000|  0%| F|  |TAMS 0x0000000723f00000, 0x0000000723f00000| Untracked 
|  52|0x0000000724000000, 0x0000000724000000, 0x0000000724100000|  0%| F|  |TAMS 0x0000000724000000, 0x0000000724000000| Untracked 
|  53|0x0000000724100000, 0x0000000724100000, 0x0000000724200000|  0%| F|  |TAMS 0x0000000724100000, 0x0000000724100000| Untracked 
|  54|0x0000000724200000, 0x0000000724200000, 0x0000000724300000|  0%| F|  |TAMS 0x0000000724200000, 0x0000000724200000| Untracked 
|  55|0x0000000724300000, 0x0000000724300000, 0x0000000724400000|  0%| F|  |TAMS 0x0000000724300000, 0x0000000724300000| Untracked 
|  56|0x0000000724400000, 0x0000000724400000, 0x0000000724500000|  0%| F|  |TAMS 0x0000000724400000, 0x0000000724400000| Untracked 
|  57|0x0000000724500000, 0x0000000724500000, 0x0000000724600000|  0%| F|  |TAMS 0x0000000724500000, 0x0000000724500000| Untracked 
|  58|0x0000000724600000, 0x0000000724600000, 0x0000000724700000|  0%| F|  |TAMS 0x0000000724600000, 0x0000000724600000| Untracked 
|  59|0x0000000724700000, 0x0000000724700000, 0x0000000724800000|  0%| F|  |TAMS 0x0000000724700000, 0x0000000724700000| Untracked 
|  60|0x0000000724800000, 0x0000000724800000, 0x0000000724900000|  0%| F|  |TAMS 0x0000000724800000, 0x0000000724800000| Untracked 
|  61|0x0000000724900000, 0x0000000724900000, 0x0000000724a00000|  0%| F|  |TAMS 0x0000000724900000, 0x0000000724900000| Untracked 
|  62|0x0000000724a00000, 0x0000000724a00000, 0x0000000724b00000|  0%| F|  |TAMS 0x0000000724a00000, 0x0000000724a00000| Untracked 
|  63|0x0000000724b00000, 0x0000000724b00000, 0x0000000724c00000|  0%| F|  |TAMS 0x0000000724b00000, 0x0000000724b00000| Untracked 
|  64|0x0000000724c00000, 0x0000000724c00000, 0x0000000724d00000|  0%| F|  |TAMS 0x0000000724c00000, 0x0000000724c00000| Untracked 
|  65|0x0000000724d00000, 0x0000000724d00000, 0x0000000724e00000|  0%| F|  |TAMS 0x0000000724d00000, 0x0000000724d00000| Untracked 
|  66|0x0000000724e00000, 0x0000000724e00000, 0x0000000724f00000|  0%| F|  |TAMS 0x0000000724e00000, 0x0000000724e00000| Untracked 
|  67|0x0000000724f00000, 0x0000000724f00000, 0x0000000725000000|  0%| F|  |TAMS 0x0000000724f00000, 0x0000000724f00000| Untracked 
|  68|0x0000000725000000, 0x0000000725000000, 0x0000000725100000|  0%| F|  |TAMS 0x0000000725000000, 0x0000000725000000| Untracked 
|  69|0x0000000725100000, 0x0000000725100000, 0x0000000725200000|  0%| F|  |TAMS 0x0000000725100000, 0x0000000725100000| Untracked 
|  70|0x0000000725200000, 0x0000000725200000, 0x0000000725300000|  0%| F|  |TAMS 0x0000000725200000, 0x0000000725200000| Untracked 
|  71|0x0000000725300000, 0x0000000725300000, 0x0000000725400000|  0%| F|  |TAMS 0x0000000725300000, 0x0000000725300000| Untracked 
|  72|0x0000000725400000, 0x0000000725400000, 0x0000000725500000|  0%| F|  |TAMS 0x0000000725400000, 0x0000000725400000| Untracked 
|  73|0x0000000725500000, 0x0000000725500000, 0x0000000725600000|  0%| F|  |TAMS 0x0000000725500000, 0x0000000725500000| Untracked 
|  74|0x0000000725600000, 0x0000000725600000, 0x0000000725700000|  0%| F|  |TAMS 0x0000000725600000, 0x0000000725600000| Untracked 
|  75|0x0000000725700000, 0x0000000725700000, 0x0000000725800000|  0%| F|  |TAMS 0x0000000725700000, 0x0000000725700000| Untracked 
|  76|0x0000000725800000, 0x0000000725800000, 0x0000000725900000|  0%| F|  |TAMS 0x0000000725800000, 0x0000000725800000| Untracked 
|  77|0x0000000725900000, 0x0000000725900000, 0x0000000725a00000|  0%| F|  |TAMS 0x0000000725900000, 0x0000000725900000| Untracked 
|  78|0x0000000725a00000, 0x0000000725a00000, 0x0000000725b00000|  0%| F|  |TAMS 0x0000000725a00000, 0x0000000725a00000| Untracked 
|  79|0x0000000725b00000, 0x0000000725b00000, 0x0000000725c00000|  0%| F|  |TAMS 0x0000000725b00000, 0x0000000725b00000| Untracked 
|  80|0x0000000725c00000, 0x0000000725c00000, 0x0000000725d00000|  0%| F|  |TAMS 0x0000000725c00000, 0x0000000725c00000| Untracked 
|  81|0x0000000725d00000, 0x0000000725d00000, 0x0000000725e00000|  0%| F|  |TAMS 0x0000000725d00000, 0x0000000725d00000| Untracked 
|  82|0x0000000725e00000, 0x0000000725e00000, 0x0000000725f00000|  0%| F|  |TAMS 0x0000000725e00000, 0x0000000725e00000| Untracked 
|  83|0x0000000725f00000, 0x0000000725f00000, 0x0000000726000000|  0%| F|  |TAMS 0x0000000725f00000, 0x0000000725f00000| Untracked 
|  84|0x0000000726000000, 0x0000000726000000, 0x0000000726100000|  0%| F|  |TAMS 0x0000000726000000, 0x0000000726000000| Untracked 
|  85|0x0000000726100000, 0x0000000726100000, 0x0000000726200000|  0%| F|  |TAMS 0x0000000726100000, 0x0000000726100000| Untracked 
|  86|0x0000000726200000, 0x0000000726200000, 0x0000000726300000|  0%| F|  |TAMS 0x0000000726200000, 0x0000000726200000| Untracked 
|  87|0x0000000726300000, 0x0000000726300000, 0x0000000726400000|  0%| F|  |TAMS 0x0000000726300000, 0x0000000726300000| Untracked 
|  88|0x0000000726400000, 0x0000000726400000, 0x0000000726500000|  0%| F|  |TAMS 0x0000000726400000, 0x0000000726400000| Untracked 
|  89|0x0000000726500000, 0x0000000726500000, 0x0000000726600000|  0%| F|  |TAMS 0x0000000726500000, 0x0000000726500000| Untracked 
|  90|0x0000000726600000, 0x0000000726600000, 0x0000000726700000|  0%| F|  |TAMS 0x0000000726600000, 0x0000000726600000| Untracked 
|  91|0x0000000726700000, 0x0000000726700000, 0x0000000726800000|  0%| F|  |TAMS 0x0000000726700000, 0x0000000726700000| Untracked 
|  92|0x0000000726800000, 0x0000000726800000, 0x0000000726900000|  0%| F|  |TAMS 0x0000000726800000, 0x0000000726800000| Untracked 
|  93|0x0000000726900000, 0x0000000726900000, 0x0000000726a00000|  0%| F|  |TAMS 0x0000000726900000, 0x0000000726900000| Untracked 
|  94|0x0000000726a00000, 0x0000000726a00000, 0x0000000726b00000|  0%| F|  |TAMS 0x0000000726a00000, 0x0000000726a00000| Untracked 
|  95|0x0000000726b00000, 0x0000000726b00000, 0x0000000726c00000|  0%| F|  |TAMS 0x0000000726b00000, 0x0000000726b00000| Untracked 
|  96|0x0000000726c00000, 0x0000000726c00000, 0x0000000726d00000|  0%| F|  |TAMS 0x0000000726c00000, 0x0000000726c00000| Untracked 
|  97|0x0000000726d00000, 0x0000000726d00000, 0x0000000726e00000|  0%| F|  |TAMS 0x0000000726d00000, 0x0000000726d00000| Untracked 
|  98|0x0000000726e00000, 0x0000000726e00000, 0x0000000726f00000|  0%| F|  |TAMS 0x0000000726e00000, 0x0000000726e00000| Untracked 
|  99|0x0000000726f00000, 0x0000000726f00000, 0x0000000727000000|  0%| F|  |TAMS 0x0000000726f00000, 0x0000000726f00000| Untracked 
| 100|0x0000000727000000, 0x0000000727000000, 0x0000000727100000|  0%| F|  |TAMS 0x0000000727000000, 0x0000000727000000| Untracked 
| 101|0x0000000727100000, 0x0000000727100000, 0x0000000727200000|  0%| F|  |TAMS 0x0000000727100000, 0x0000000727100000| Untracked 
| 102|0x0000000727200000, 0x0000000727200000, 0x0000000727300000|  0%| F|  |TAMS 0x0000000727200000, 0x0000000727200000| Untracked 
| 103|0x0000000727300000, 0x0000000727300000, 0x0000000727400000|  0%| F|  |TAMS 0x0000000727300000, 0x0000000727300000| Untracked 
| 104|0x0000000727400000, 0x0000000727400000, 0x0000000727500000|  0%| F|  |TAMS 0x0000000727400000, 0x0000000727400000| Untracked 
| 105|0x0000000727500000, 0x0000000727500000, 0x0000000727600000|  0%| F|  |TAMS 0x0000000727500000, 0x0000000727500000| Untracked 
| 106|0x0000000727600000, 0x0000000727600000, 0x0000000727700000|  0%| F|  |TAMS 0x0000000727600000, 0x0000000727600000| Untracked 
| 107|0x0000000727700000, 0x0000000727700000, 0x0000000727800000|  0%| F|  |TAMS 0x0000000727700000, 0x0000000727700000| Untracked 
| 108|0x0000000727800000, 0x0000000727800000, 0x0000000727900000|  0%| F|  |TAMS 0x0000000727800000, 0x0000000727800000| Untracked 
| 109|0x0000000727900000, 0x0000000727900000, 0x0000000727a00000|  0%| F|  |TAMS 0x0000000727900000, 0x0000000727900000| Untracked 
| 110|0x0000000727a00000, 0x0000000727a00000, 0x0000000727b00000|  0%| F|  |TAMS 0x0000000727a00000, 0x0000000727a00000| Untracked 
| 111|0x0000000727b00000, 0x0000000727b00000, 0x0000000727c00000|  0%| F|  |TAMS 0x0000000727b00000, 0x0000000727b00000| Untracked 
| 112|0x0000000727c00000, 0x0000000727c00000, 0x0000000727d00000|  0%| F|  |TAMS 0x0000000727c00000, 0x0000000727c00000| Untracked 
| 113|0x0000000727d00000, 0x0000000727d00000, 0x0000000727e00000|  0%| F|  |TAMS 0x0000000727d00000, 0x0000000727d00000| Untracked 
| 114|0x0000000727e00000, 0x0000000727e00000, 0x0000000727f00000|  0%| F|  |TAMS 0x0000000727e00000, 0x0000000727e00000| Untracked 
| 115|0x0000000727f00000, 0x0000000727f00000, 0x0000000728000000|  0%| F|  |TAMS 0x0000000727f00000, 0x0000000727f00000| Untracked 
| 116|0x0000000728000000, 0x0000000728000000, 0x0000000728100000|  0%| F|  |TAMS 0x0000000728000000, 0x0000000728000000| Untracked 
| 117|0x0000000728100000, 0x0000000728100000, 0x0000000728200000|  0%| F|  |TAMS 0x0000000728100000, 0x0000000728100000| Untracked 
| 118|0x0000000728200000, 0x0000000728200000, 0x0000000728300000|  0%| F|  |TAMS 0x0000000728200000, 0x0000000728200000| Untracked 
| 119|0x0000000728300000, 0x0000000728300000, 0x0000000728400000|  0%| F|  |TAMS 0x0000000728300000, 0x0000000728300000| Untracked 
| 120|0x0000000728400000, 0x0000000728400000, 0x0000000728500000|  0%| F|  |TAMS 0x0000000728400000, 0x0000000728400000| Untracked 
| 121|0x0000000728500000, 0x0000000728500000, 0x0000000728600000|  0%| F|  |TAMS 0x0000000728500000, 0x0000000728500000| Untracked 
| 122|0x0000000728600000, 0x0000000728600000, 0x0000000728700000|  0%| F|  |TAMS 0x0000000728600000, 0x0000000728600000| Untracked 
| 123|0x0000000728700000, 0x0000000728700000, 0x0000000728800000|  0%| F|  |TAMS 0x0000000728700000, 0x0000000728700000| Untracked 
| 124|0x0000000728800000, 0x0000000728800000, 0x0000000728900000|  0%| F|  |TAMS 0x0000000728800000, 0x0000000728800000| Untracked 
| 125|0x0000000728900000, 0x0000000728900000, 0x0000000728a00000|  0%| F|  |TAMS 0x0000000728900000, 0x0000000728900000| Untracked 
| 126|0x0000000728a00000, 0x0000000728a00000, 0x0000000728b00000|  0%| F|  |TAMS 0x0000000728a00000, 0x0000000728a00000| Untracked 
| 127|0x0000000728b00000, 0x0000000728b00000, 0x0000000728c00000|  0%| F|  |TAMS 0x0000000728b00000, 0x0000000728b00000| Untracked 
| 128|0x0000000728c00000, 0x0000000728c00000, 0x0000000728d00000|  0%| F|  |TAMS 0x0000000728c00000, 0x0000000728c00000| Untracked 
| 129|0x0000000728d00000, 0x0000000728d00000, 0x0000000728e00000|  0%| F|  |TAMS 0x0000000728d00000, 0x0000000728d00000| Untracked 
| 130|0x0000000728e00000, 0x0000000728e00000, 0x0000000728f00000|  0%| F|  |TAMS 0x0000000728e00000, 0x0000000728e00000| Untracked 
| 131|0x0000000728f00000, 0x0000000728f00000, 0x0000000729000000|  0%| F|  |TAMS 0x0000000728f00000, 0x0000000728f00000| Untracked 
| 132|0x0000000729000000, 0x0000000729000000, 0x0000000729100000|  0%| F|  |TAMS 0x0000000729000000, 0x0000000729000000| Untracked 
| 133|0x0000000729100000, 0x0000000729100000, 0x0000000729200000|  0%| F|  |TAMS 0x0000000729100000, 0x0000000729100000| Untracked 
| 134|0x0000000729200000, 0x0000000729200000, 0x0000000729300000|  0%| F|  |TAMS 0x0000000729200000, 0x0000000729200000| Untracked 
| 135|0x0000000729300000, 0x0000000729300000, 0x0000000729400000|  0%| F|  |TAMS 0x0000000729300000, 0x0000000729300000| Untracked 
| 136|0x0000000729400000, 0x0000000729400000, 0x0000000729500000|  0%| F|  |TAMS 0x0000000729400000, 0x0000000729400000| Untracked 
| 137|0x0000000729500000, 0x0000000729500000, 0x0000000729600000|  0%| F|  |TAMS 0x0000000729500000, 0x0000000729500000| Untracked 
| 138|0x0000000729600000, 0x0000000729600000, 0x0000000729700000|  0%| F|  |TAMS 0x0000000729600000, 0x0000000729600000| Untracked 
| 139|0x0000000729700000, 0x0000000729700000, 0x0000000729800000|  0%| F|  |TAMS 0x0000000729700000, 0x0000000729700000| Untracked 
| 140|0x0000000729800000, 0x0000000729800000, 0x0000000729900000|  0%| F|  |TAMS 0x0000000729800000, 0x0000000729800000| Untracked 
| 141|0x0000000729900000, 0x0000000729900000, 0x0000000729a00000|  0%| F|  |TAMS 0x0000000729900000, 0x0000000729900000| Untracked 
| 142|0x0000000729a00000, 0x0000000729a00000, 0x0000000729b00000|  0%| F|  |TAMS 0x0000000729a00000, 0x0000000729a00000| Untracked 
| 143|0x0000000729b00000, 0x0000000729b00000, 0x0000000729c00000|  0%| F|  |TAMS 0x0000000729b00000, 0x0000000729b00000| Untracked 
| 144|0x0000000729c00000, 0x0000000729c00000, 0x0000000729d00000|  0%| F|  |TAMS 0x0000000729c00000, 0x0000000729c00000| Untracked 
| 145|0x0000000729d00000, 0x0000000729d00000, 0x0000000729e00000|  0%| F|  |TAMS 0x0000000729d00000, 0x0000000729d00000| Untracked 
| 146|0x0000000729e00000, 0x0000000729e00000, 0x0000000729f00000|  0%| F|  |TAMS 0x0000000729e00000, 0x0000000729e00000| Untracked 
| 147|0x0000000729f00000, 0x0000000729f00000, 0x000000072a000000|  0%| F|  |TAMS 0x0000000729f00000, 0x0000000729f00000| Untracked 
| 148|0x000000072a000000, 0x000000072a000000, 0x000000072a100000|  0%| F|  |TAMS 0x000000072a000000, 0x000000072a000000| Untracked 
| 149|0x000000072a100000, 0x000000072a100000, 0x000000072a200000|  0%| F|  |TAMS 0x000000072a100000, 0x000000072a100000| Untracked 
| 150|0x000000072a200000, 0x000000072a200000, 0x000000072a300000|  0%| F|  |TAMS 0x000000072a200000, 0x000000072a200000| Untracked 
| 151|0x000000072a300000, 0x000000072a300000, 0x000000072a400000|  0%| F|  |TAMS 0x000000072a300000, 0x000000072a300000| Untracked 
| 152|0x000000072a400000, 0x000000072a400000, 0x000000072a500000|  0%| F|  |TAMS 0x000000072a400000, 0x000000072a400000| Untracked 
| 153|0x000000072a500000, 0x000000072a500000, 0x000000072a600000|  0%| F|  |TAMS 0x000000072a500000, 0x000000072a500000| Untracked 
| 154|0x000000072a600000, 0x000000072a600000, 0x000000072a700000|  0%| F|  |TAMS 0x000000072a600000, 0x000000072a600000| Untracked 
| 155|0x000000072a700000, 0x000000072a700000, 0x000000072a800000|  0%| F|  |TAMS 0x000000072a700000, 0x000000072a700000| Untracked 
| 156|0x000000072a800000, 0x000000072a800000, 0x000000072a900000|  0%| F|  |TAMS 0x000000072a800000, 0x000000072a800000| Untracked 
| 157|0x000000072a900000, 0x000000072a900000, 0x000000072aa00000|  0%| F|  |TAMS 0x000000072a900000, 0x000000072a900000| Untracked 
| 158|0x000000072aa00000, 0x000000072aa00000, 0x000000072ab00000|  0%| F|  |TAMS 0x000000072aa00000, 0x000000072aa00000| Untracked 
| 159|0x000000072ab00000, 0x000000072ab00000, 0x000000072ac00000|  0%| F|  |TAMS 0x000000072ab00000, 0x000000072ab00000| Untracked 
| 160|0x000000072ac00000, 0x000000072ac00000, 0x000000072ad00000|  0%| F|  |TAMS 0x000000072ac00000, 0x000000072ac00000| Untracked 
| 161|0x000000072ad00000, 0x000000072ad00000, 0x000000072ae00000|  0%| F|  |TAMS 0x000000072ad00000, 0x000000072ad00000| Untracked 
| 162|0x000000072ae00000, 0x000000072ae00000, 0x000000072af00000|  0%| F|  |TAMS 0x000000072ae00000, 0x000000072ae00000| Untracked 
| 163|0x000000072af00000, 0x000000072af00000, 0x000000072b000000|  0%| F|  |TAMS 0x000000072af00000, 0x000000072af00000| Untracked 
| 164|0x000000072b000000, 0x000000072b000000, 0x000000072b100000|  0%| F|  |TAMS 0x000000072b000000, 0x000000072b000000| Untracked 
| 165|0x000000072b100000, 0x000000072b100000, 0x000000072b200000|  0%| F|  |TAMS 0x000000072b100000, 0x000000072b100000| Untracked 
| 166|0x000000072b200000, 0x000000072b200000, 0x000000072b300000|  0%| F|  |TAMS 0x000000072b200000, 0x000000072b200000| Untracked 
| 167|0x000000072b300000, 0x000000072b300000, 0x000000072b400000|  0%| F|  |TAMS 0x000000072b300000, 0x000000072b300000| Untracked 
| 168|0x000000072b400000, 0x000000072b400000, 0x000000072b500000|  0%| F|  |TAMS 0x000000072b400000, 0x000000072b400000| Untracked 
| 169|0x000000072b500000, 0x000000072b500000, 0x000000072b600000|  0%| F|  |TAMS 0x000000072b500000, 0x000000072b500000| Untracked 
| 170|0x000000072b600000, 0x000000072b600000, 0x000000072b700000|  0%| F|  |TAMS 0x000000072b600000, 0x000000072b600000| Untracked 
| 171|0x000000072b700000, 0x000000072b700000, 0x000000072b800000|  0%| F|  |TAMS 0x000000072b700000, 0x000000072b700000| Untracked 
| 172|0x000000072b800000, 0x000000072b800000, 0x000000072b900000|  0%| F|  |TAMS 0x000000072b800000, 0x000000072b800000| Untracked 
| 173|0x000000072b900000, 0x000000072b900000, 0x000000072ba00000|  0%| F|  |TAMS 0x000000072b900000, 0x000000072b900000| Untracked 
| 174|0x000000072ba00000, 0x000000072ba00000, 0x000000072bb00000|  0%| F|  |TAMS 0x000000072ba00000, 0x000000072ba00000| Untracked 
| 175|0x000000072bb00000, 0x000000072bb00000, 0x000000072bc00000|  0%| F|  |TAMS 0x000000072bb00000, 0x000000072bb00000| Untracked 
| 176|0x000000072bc00000, 0x000000072bc00000, 0x000000072bd00000|  0%| F|  |TAMS 0x000000072bc00000, 0x000000072bc00000| Untracked 
| 177|0x000000072bd00000, 0x000000072bd00000, 0x000000072be00000|  0%| F|  |TAMS 0x000000072bd00000, 0x000000072bd00000| Untracked 
| 178|0x000000072be00000, 0x000000072be00000, 0x000000072bf00000|  0%| F|  |TAMS 0x000000072be00000, 0x000000072be00000| Untracked 
| 179|0x000000072bf00000, 0x000000072bf00000, 0x000000072c000000|  0%| F|  |TAMS 0x000000072bf00000, 0x000000072bf00000| Untracked 
| 180|0x000000072c000000, 0x000000072c000000, 0x000000072c100000|  0%| F|  |TAMS 0x000000072c000000, 0x000000072c000000| Untracked 
| 181|0x000000072c100000, 0x000000072c100000, 0x000000072c200000|  0%| F|  |TAMS 0x000000072c100000, 0x000000072c100000| Untracked 
| 182|0x000000072c200000, 0x000000072c200000, 0x000000072c300000|  0%| F|  |TAMS 0x000000072c200000, 0x000000072c200000| Untracked 
| 183|0x000000072c300000, 0x000000072c300000, 0x000000072c400000|  0%| F|  |TAMS 0x000000072c300000, 0x000000072c300000| Untracked 
| 184|0x000000072c400000, 0x000000072c400000, 0x000000072c500000|  0%| F|  |TAMS 0x000000072c400000, 0x000000072c400000| Untracked 
| 185|0x000000072c500000, 0x000000072c500000, 0x000000072c600000|  0%| F|  |TAMS 0x000000072c500000, 0x000000072c500000| Untracked 
| 186|0x000000072c600000, 0x000000072c600000, 0x000000072c700000|  0%| F|  |TAMS 0x000000072c600000, 0x000000072c600000| Untracked 
| 187|0x000000072c700000, 0x000000072c700000, 0x000000072c800000|  0%| F|  |TAMS 0x000000072c700000, 0x000000072c700000| Untracked 
| 188|0x000000072c800000, 0x000000072c800000, 0x000000072c900000|  0%| F|  |TAMS 0x000000072c800000, 0x000000072c800000| Untracked 
| 189|0x000000072c900000, 0x000000072c900000, 0x000000072ca00000|  0%| F|  |TAMS 0x000000072c900000, 0x000000072c900000| Untracked 
| 190|0x000000072ca00000, 0x000000072ca00000, 0x000000072cb00000|  0%| F|  |TAMS 0x000000072ca00000, 0x000000072ca00000| Untracked 
| 191|0x000000072cb00000, 0x000000072cb00000, 0x000000072cc00000|  0%| F|  |TAMS 0x000000072cb00000, 0x000000072cb00000| Untracked 
| 192|0x000000072cc00000, 0x000000072cc00000, 0x000000072cd00000|  0%| F|  |TAMS 0x000000072cc00000, 0x000000072cc00000| Untracked 
| 193|0x000000072cd00000, 0x000000072cd00000, 0x000000072ce00000|  0%| F|  |TAMS 0x000000072cd00000, 0x000000072cd00000| Untracked 
| 194|0x000000072ce00000, 0x000000072ce00000, 0x000000072cf00000|  0%| F|  |TAMS 0x000000072ce00000, 0x000000072ce00000| Untracked 
| 195|0x000000072cf00000, 0x000000072cf00000, 0x000000072d000000|  0%| F|  |TAMS 0x000000072cf00000, 0x000000072cf00000| Untracked 
| 196|0x000000072d000000, 0x000000072d000000, 0x000000072d100000|  0%| F|  |TAMS 0x000000072d000000, 0x000000072d000000| Untracked 
| 197|0x000000072d100000, 0x000000072d100000, 0x000000072d200000|  0%| F|  |TAMS 0x000000072d100000, 0x000000072d100000| Untracked 
| 198|0x000000072d200000, 0x000000072d200000, 0x000000072d300000|  0%| F|  |TAMS 0x000000072d200000, 0x000000072d200000| Untracked 
| 199|0x000000072d300000, 0x000000072d300000, 0x000000072d400000|  0%| F|  |TAMS 0x000000072d300000, 0x000000072d300000| Untracked 
| 200|0x000000072d400000, 0x000000072d400000, 0x000000072d500000|  0%| F|  |TAMS 0x000000072d400000, 0x000000072d400000| Untracked 
| 201|0x000000072d500000, 0x000000072d500000, 0x000000072d600000|  0%| F|  |TAMS 0x000000072d500000, 0x000000072d500000| Untracked 
| 202|0x000000072d600000, 0x000000072d600000, 0x000000072d700000|  0%| F|  |TAMS 0x000000072d600000, 0x000000072d600000| Untracked 
| 203|0x000000072d700000, 0x000000072d700000, 0x000000072d800000|  0%| F|  |TAMS 0x000000072d700000, 0x000000072d700000| Untracked 
| 204|0x000000072d800000, 0x000000072d800000, 0x000000072d900000|  0%| F|  |TAMS 0x000000072d800000, 0x000000072d800000| Untracked 
| 205|0x000000072d900000, 0x000000072d900000, 0x000000072da00000|  0%| F|  |TAMS 0x000000072d900000, 0x000000072d900000| Untracked 
| 206|0x000000072da00000, 0x000000072da00000, 0x000000072db00000|  0%| F|  |TAMS 0x000000072da00000, 0x000000072da00000| Untracked 
| 207|0x000000072db00000, 0x000000072db00000, 0x000000072dc00000|  0%| F|  |TAMS 0x000000072db00000, 0x000000072db00000| Untracked 
| 208|0x000000072dc00000, 0x000000072dc00000, 0x000000072dd00000|  0%| F|  |TAMS 0x000000072dc00000, 0x000000072dc00000| Untracked 
| 209|0x000000072dd00000, 0x000000072dd00000, 0x000000072de00000|  0%| F|  |TAMS 0x000000072dd00000, 0x000000072dd00000| Untracked 
| 210|0x000000072de00000, 0x000000072de00000, 0x000000072df00000|  0%| F|  |TAMS 0x000000072de00000, 0x000000072de00000| Untracked 
| 211|0x000000072df00000, 0x000000072df00000, 0x000000072e000000|  0%| F|  |TAMS 0x000000072df00000, 0x000000072df00000| Untracked 
| 212|0x000000072e000000, 0x000000072e000000, 0x000000072e100000|  0%| F|  |TAMS 0x000000072e000000, 0x000000072e000000| Untracked 
| 213|0x000000072e100000, 0x000000072e100000, 0x000000072e200000|  0%| F|  |TAMS 0x000000072e100000, 0x000000072e100000| Untracked 
| 214|0x000000072e200000, 0x000000072e200000, 0x000000072e300000|  0%| F|  |TAMS 0x000000072e200000, 0x000000072e200000| Untracked 
| 215|0x000000072e300000, 0x000000072e300000, 0x000000072e400000|  0%| F|  |TAMS 0x000000072e300000, 0x000000072e300000| Untracked 
| 216|0x000000072e400000, 0x000000072e400000, 0x000000072e500000|  0%| F|  |TAMS 0x000000072e400000, 0x000000072e400000| Untracked 
| 217|0x000000072e500000, 0x000000072e500000, 0x000000072e600000|  0%| F|  |TAMS 0x000000072e500000, 0x000000072e500000| Untracked 
| 218|0x000000072e600000, 0x000000072e600000, 0x000000072e700000|  0%| F|  |TAMS 0x000000072e600000, 0x000000072e600000| Untracked 
| 219|0x000000072e700000, 0x000000072e700000, 0x000000072e800000|  0%| F|  |TAMS 0x000000072e700000, 0x000000072e700000| Untracked 
| 220|0x000000072e800000, 0x000000072e800000, 0x000000072e900000|  0%| F|  |TAMS 0x000000072e800000, 0x000000072e800000| Untracked 
| 221|0x000000072e900000, 0x000000072e97b670, 0x000000072ea00000| 48%| E|  |TAMS 0x000000072e900000, 0x000000072e900000| Complete 
| 222|0x000000072ea00000, 0x000000072eb00000, 0x000000072eb00000|100%| E|CS|TAMS 0x000000072ea00000, 0x000000072ea00000| Complete 
| 223|0x000000072eb00000, 0x000000072ec00000, 0x000000072ec00000|100%| E|CS|TAMS 0x000000072eb00000, 0x000000072eb00000| Complete 

Card table byte_map: [0x00000204f9fa0000,0x00000204fa6a0000] _byte_map_base: 0x00000204f669a000

Marking Bits (Prev, Next): (CMBitMap*) 0x00000204f59680b8, (CMBitMap*) 0x00000204f59680f0
 Prev Bits: [0x00000204fada0000, 0x00000204fe570000)
 Next Bits: [0x000002048f000000, 0x00000204927d0000)

Polling page: 0x00000204f3930000

Metaspace:

Usage:
  Non-class:      4.21 MB capacity,     4.18 MB (>99%) used,    32.91 KB ( <1%) free+waste,   704 bytes ( <1%) overhead. 
      Class:    428.00 KB capacity,   404.73 KB ( 95%) used,    22.77 KB (  5%) free+waste,   512 bytes ( <1%) overhead. 
       Both:      4.63 MB capacity,     4.58 MB ( 99%) used,    55.69 KB (  1%) free+waste,     1.19 KB ( <1%) overhead. 

Virtual space:
  Non-class space:        8.00 MB reserved,       4.25 MB ( 53%) committed 
      Class space:        1.00 GB reserved,     512.00 KB ( <1%) committed 
             Both:        1.01 GB reserved,       4.75 MB ( <1%) committed 

Chunk freelists:
   Non-Class:  36.00 KB
       Class:  20.00 KB
        Both:  56.00 KB

MaxMetaspaceSize: 17179869184.00 GB
CompressedClassSpaceSize: 1.00 GB
Initial GC threshold: 20.80 MB
Current GC threshold: 20.80 MB
CDS: off

CodeHeap 'non-profiled nmethods': size=120000Kb used=37Kb max_used=37Kb free=119962Kb
 bounds [0x0000020487ad0000, 0x0000020487d40000, 0x000002048f000000]
CodeHeap 'profiled nmethods': size=120000Kb used=186Kb max_used=186Kb free=119814Kb
 bounds [0x00000204805a0000, 0x0000020480810000, 0x0000020487ad0000]
CodeHeap 'non-nmethods': size=5760Kb used=1058Kb max_used=1070Kb free=4701Kb
 bounds [0x0000020480000000, 0x0000020480270000, 0x00000204805a0000]
 total_blobs=426 nmethods=136 adapters=203
 compilation: enabled
              stopped_count=0, restarted_count=0
 full_count=0

Compilation events (20 events):
Event: 0.164 Thread 0x00000204ff99c000  122       3       java.util.zip.ZipFile$Source::isMetaName (141 bytes)
Event: 0.164 Thread 0x00000204ff99c000 nmethod 122 0x00000204805c5510 code [0x00000204805c56e0, 0x00000204805c5bd8]
Event: 0.166 Thread 0x00000204ff99c000  123       3       java.lang.Number::<init> (5 bytes)
Event: 0.166 Thread 0x00000204ff99c000 nmethod 123 0x00000204805c5d90 code [0x00000204805c5f40, 0x00000204805c6098]
Event: 0.166 Thread 0x00000204ff99c000  124       3       java.lang.Integer::<init> (10 bytes)
Event: 0.166 Thread 0x00000204ff99c000 nmethod 124 0x00000204805c6190 code [0x00000204805c6340, 0x00000204805c64f8]
Event: 0.166 Thread 0x00000204ff99c000  126       3       java.util.ArrayList::add (23 bytes)
Event: 0.166 Thread 0x00000204ff99c000 nmethod 126 0x00000204805c6610 code [0x00000204805c6820, 0x00000204805c6d98]
Event: 0.166 Thread 0x00000204ff99c000  127       3       java.lang.Integer::valueOf (32 bytes)
Event: 0.166 Thread 0x00000204ff99c000 nmethod 127 0x00000204805c7010 code [0x00000204805c71e0, 0x00000204805c74f8]
Event: 0.166 Thread 0x00000204ff99c000  128       3       java.util.zip.ZipFile$Source::isManifestName (160 bytes)
Event: 0.167 Thread 0x00000204ff99c000 nmethod 128 0x00000204805c7690 code [0x00000204805c7860, 0x00000204805c7df8]
Event: 0.167 Thread 0x00000204ff99c000  125       3       java.util.ArrayList::add (25 bytes)
Event: 0.167 Thread 0x00000204ff99c000 nmethod 125 0x00000204805c7f90 code [0x00000204805c81a0, 0x00000204805c8778]
Event: 0.167 Thread 0x00000204ff999800  129       4       java.util.zip.ZipFile$Source::isMetaName (141 bytes)
Event: 0.169 Thread 0x00000204ff999800 nmethod 129 0x0000020487ad7c90 code [0x0000020487ad7e40, 0x0000020487ad8078]
Event: 0.188 Thread 0x00000204ff99c000  130 %     3       java.util.zip.ZipFile$Source::initCEN @ 228 (697 bytes)
Event: 0.192 Thread 0x00000204ff99c000 nmethod 130% 0x00000204805c8a10 code [0x00000204805c9080, 0x00000204805cccf8]
Event: 0.192 Thread 0x00000204ff99c000  131       3       java.util.zip.ZipFile$Source::initCEN (697 bytes)
Event: 0.192 Thread 0x00000204ff996000  132 %     4       java.util.zip.ZipFile$Source::hashN @ 2 (26 bytes)

GC Heap History (0 events):
No events

Deoptimization events (20 events):
Event: 0.160 Thread 0x00000204f590a800 DEOPT PACKING pc=0x00000204805c224b sp=0x0000001d10ef9540
Event: 0.160 Thread 0x00000204f590a800 DEOPT UNPACKING pc=0x000002048004a95e sp=0x0000001d10ef8a10 mode 0
Event: 0.160 Thread 0x00000204f590a800 DEOPT PACKING pc=0x00000204805c224b sp=0x0000001d10ef9540
Event: 0.160 Thread 0x00000204f590a800 DEOPT UNPACKING pc=0x000002048004a95e sp=0x0000001d10ef8a10 mode 0
Event: 0.160 Thread 0x00000204f590a800 DEOPT PACKING pc=0x00000204805c224b sp=0x0000001d10ef9540
Event: 0.160 Thread 0x00000204f590a800 DEOPT UNPACKING pc=0x000002048004a95e sp=0x0000001d10ef8a10 mode 0
Event: 0.160 Thread 0x00000204f590a800 DEOPT PACKING pc=0x00000204805c224b sp=0x0000001d10ef9540
Event: 0.160 Thread 0x00000204f590a800 DEOPT UNPACKING pc=0x000002048004a95e sp=0x0000001d10ef8a10 mode 0
Event: 0.160 Thread 0x00000204f590a800 DEOPT PACKING pc=0x00000204805c224b sp=0x0000001d10ef9540
Event: 0.160 Thread 0x00000204f590a800 DEOPT UNPACKING pc=0x000002048004a95e sp=0x0000001d10ef8a10 mode 0
Event: 0.160 Thread 0x00000204f590a800 DEOPT PACKING pc=0x00000204805c224b sp=0x0000001d10ef9540
Event: 0.160 Thread 0x00000204f590a800 DEOPT UNPACKING pc=0x000002048004a95e sp=0x0000001d10ef8a10 mode 0
Event: 0.160 Thread 0x00000204f590a800 DEOPT PACKING pc=0x00000204805c224b sp=0x0000001d10ef9540
Event: 0.160 Thread 0x00000204f590a800 DEOPT UNPACKING pc=0x000002048004a95e sp=0x0000001d10ef8a10 mode 0
Event: 0.160 Thread 0x00000204f590a800 DEOPT PACKING pc=0x00000204805c224b sp=0x0000001d10ef9540
Event: 0.160 Thread 0x00000204f590a800 DEOPT UNPACKING pc=0x000002048004a95e sp=0x0000001d10ef8a10 mode 0
Event: 0.164 Thread 0x00000204f590a800 Uncommon trap: trap_request=0xffffff4d fr.pc=0x0000020487ad7af4 relative=0x0000000000000154
Event: 0.164 Thread 0x00000204f590a800 Uncommon trap: reason=unstable_if action=reinterpret pc=0x0000020487ad7af4 method=java.util.zip.ZipFile$Source.isMetaName([BII)Z @ 3 c2
Event: 0.164 Thread 0x00000204f590a800 DEOPT PACKING pc=0x0000020487ad7af4 sp=0x0000001d10ef9570
Event: 0.164 Thread 0x00000204f590a800 DEOPT UNPACKING pc=0x000002048004a1af sp=0x0000001d10ef9518 mode 2

Classes redefined (0 events):
No events

Internal exceptions (0 events):
No events

Events (20 events):
Event: 0.136 loading class java/security/SecureClassLoader$DebugHolder
Event: 0.136 loading class java/security/SecureClassLoader$DebugHolder done
Event: 0.136 loading class sun/security/util/Debug
Event: 0.136 loading class sun/security/util/Debug done
Event: 0.136 loading class externalApp/ExternalApp
Event: 0.136 loading class externalApp/ExternalApp done
Event: 0.137 loading class java/lang/NumberFormatException
Event: 0.137 loading class java/lang/NumberFormatException done
Event: 0.137 loading class java/lang/PublicMethods$MethodList
Event: 0.138 loading class java/lang/PublicMethods$MethodList done
Event: 0.138 loading class java/lang/PublicMethods$Key
Event: 0.138 loading class java/lang/PublicMethods$Key done
Event: 0.138 loading class externalApp/ExternalAppUtil
Event: 0.138 loading class externalApp/ExternalAppUtil done
Event: 0.138 loading class java/lang/IllegalStateException
Event: 0.138 loading class java/lang/IllegalStateException done
Event: 0.138 loading class org/apache/xmlrpc/XmlRpcException
Event: 0.138 loading class org/apache/xmlrpc/XmlRpcException done
Event: 0.161 Thread 0x00000204ff999800 Thread added: 0x00000204ff999800
Event: 0.161 Thread 0x00000204ff997000 Thread added: 0x00000204ff997000


Dynamic libraries:
0x00007ff643250000 - 0x00007ff64325a000 	C:\Program Files\JetBrains\WebStorm 2022.1\jbr\bin\java.exe
0x00007ffaca5f0000 - 0x00007ffaca7e5000 	C:\Windows\SYSTEM32\ntdll.dll
0x00007ffac8b60000 - 0x00007ffac8c1e000 	C:\Windows\System32\KERNEL32.DLL
0x00007ffac7d50000 - 0x00007ffac8018000 	C:\Windows\System32\KERNELBASE.dll
0x00007ffac8430000 - 0x00007ffac8530000 	C:\Windows\System32\ucrtbase.dll
0x00007ffab4900000 - 0x00007ffab4919000 	C:\Program Files\JetBrains\WebStorm 2022.1\jbr\bin\jli.dll
0x00007ffaa71b0000 - 0x00007ffaa71c6000 	C:\Program Files\JetBrains\WebStorm 2022.1\jbr\bin\VCRUNTIME140.dll
0x00007ffac8cd0000 - 0x00007ffac8e70000 	C:\Windows\System32\USER32.dll
0x00007ffac8400000 - 0x00007ffac8422000 	C:\Windows\System32\win32u.dll
0x00007ffaca330000 - 0x00007ffaca35b000 	C:\Windows\System32\GDI32.dll
0x00007ffac8020000 - 0x00007ffac812d000 	C:\Windows\System32\gdi32full.dll
0x00007ffac85a0000 - 0x00007ffac863d000 	C:\Windows\System32\msvcp_win.dll
0x00007ffab82a0000 - 0x00007ffab853a000 	C:\Windows\WinSxS\amd64_microsoft.windows.common-controls_6595b64144ccf1df_6.0.19041.1110_none_60b5254171f9507e\COMCTL32.dll
0x00007ffaca360000 - 0x00007ffaca3fe000 	C:\Windows\System32\msvcrt.dll
0x00007ffac9d00000 - 0x00007ffac9d30000 	C:\Windows\System32\IMM32.DLL
0x00007ffaa65a0000 - 0x00007ffaa664a000 	C:\Program Files\JetBrains\WebStorm 2022.1\jbr\bin\msvcp140.dll
0x00007ffa96ae0000 - 0x00007ffa9765a000 	C:\Program Files\JetBrains\WebStorm 2022.1\jbr\bin\server\jvm.dll
0x00007ffaca280000 - 0x00007ffaca32e000 	C:\Windows\System32\ADVAPI32.dll
0x00007ffac8c20000 - 0x00007ffac8cbc000 	C:\Windows\System32\sechost.dll
0x00007ffac8a30000 - 0x00007ffac8b55000 	C:\Windows\System32\RPCRT4.dll
0x00007ffac9810000 - 0x00007ffac9818000 	C:\Windows\System32\PSAPI.DLL
0x00007ffabeeb0000 - 0x00007ffabeeba000 	C:\Windows\SYSTEM32\VERSION.dll
0x00007ffabdc30000 - 0x00007ffabdc57000 	C:\Windows\SYSTEM32\WINMM.dll
0x00007ffac5170000 - 0x00007ffac5179000 	C:\Windows\SYSTEM32\WSOCK32.dll
0x00007ffac9940000 - 0x00007ffac99ab000 	C:\Windows\System32\WS2_32.dll
0x00007ffac65b0000 - 0x00007ffac65c2000 	C:\Windows\SYSTEM32\kernel.appcore.dll
0x00007ffac00b0000 - 0x00007ffac00c1000 	C:\Program Files\JetBrains\WebStorm 2022.1\jbr\bin\verify.dll
0x00007ffab4590000 - 0x00007ffab4774000 	C:\Windows\SYSTEM32\DBGHELP.DLL
0x00007ffab4560000 - 0x00007ffab458c000 	C:\Windows\SYSTEM32\dbgcore.DLL
0x00007ffac8370000 - 0x00007ffac83f2000 	C:\Windows\System32\bcryptPrimitives.dll
0x00007ffabbed0000 - 0x00007ffabbef9000 	C:\Program Files\JetBrains\WebStorm 2022.1\jbr\bin\java.dll
0x00007ffac37f0000 - 0x00007ffac37fb000 	C:\Program Files\JetBrains\WebStorm 2022.1\jbr\bin\jimage.dll
0x00007ffabbcb0000 - 0x00007ffabbcc9000 	C:\Program Files\JetBrains\WebStorm 2022.1\jbr\bin\zip.dll
0x00007ffac8f90000 - 0x00007ffac96d4000 	C:\Windows\System32\SHELL32.dll
0x00007ffac5de0000 - 0x00007ffac6574000 	C:\Windows\SYSTEM32\windows.storage.dll
0x00007ffac8640000 - 0x00007ffac8995000 	C:\Windows\System32\combase.dll
0x00007ffac7680000 - 0x00007ffac76ae000 	C:\Windows\SYSTEM32\Wldp.dll
0x00007ffac9c50000 - 0x00007ffac9cfd000 	C:\Windows\System32\SHCORE.dll
0x00007ffac98e0000 - 0x00007ffac9935000 	C:\Windows\System32\shlwapi.dll
0x00007ffac7c40000 - 0x00007ffac7c5f000 	C:\Windows\SYSTEM32\profapi.dll
0x00007ffab7e40000 - 0x00007ffab7e5a000 	C:\Program Files\JetBrains\WebStorm 2022.1\jbr\bin\net.dll
0x00007ffabde40000 - 0x00007ffabdf4c000 	C:\Windows\SYSTEM32\WINHTTP.dll
0x00007ffac73e0000 - 0x00007ffac744a000 	C:\Windows\system32\mswsock.dll
0x00007ffab7dd0000 - 0x00007ffab7de4000 	C:\Program Files\JetBrains\WebStorm 2022.1\jbr\bin\nio.dll

dbghelp: loaded successfully - version: 4.0.5 - missing functions: none
symbol engine: initialized successfully - sym options: 0x614 - pdb path: .;C:\Program Files\JetBrains\WebStorm 2022.1\jbr\bin;C:\Windows\SYSTEM32;C:\Windows\WinSxS\amd64_microsoft.windows.common-controls_6595b64144ccf1df_6.0.19041.1110_none_60b5254171f9507e;C:\Program Files\JetBrains\WebStorm 2022.1\jbr\bin\server

VM Arguments:
java_command: git4idea.editor.GitRebaseEditorApp 63342 E:/it/git/learning-git/.git/COMMIT_EDITMSG
java_class_path (initial): C:/Program Files/JetBrains/WebStorm 2022.1/plugins/git4idea/lib/git4idea-rt.jar;C:/Program Files/JetBrains/WebStorm 2022.1/lib/externalProcess-rt.jar;C:/Program Files/JetBrains/WebStorm 2022.1/lib/app.jar;C:/Program Files/JetBrains/WebStorm 2022.1/lib/3rd-party-rt.jar
Launcher Type: SUN_STANDARD

[Global flags]
     intx CICompilerCount                          = 4                                         {product} {ergonomic}
     uint ConcGCThreads                            = 2                                         {product} {ergonomic}
     uint G1ConcRefinementThreads                  = 8                                         {product} {ergonomic}
   size_t G1HeapRegionSize                         = 1048576                                   {product} {ergonomic}
    uintx GCDrainStackTargetSize                   = 64                                        {product} {ergonomic}
   size_t InitialHeapSize                          = 234881024                                 {product} {ergonomic}
   size_t MarkStackSize                            = 4194304                                   {product} {ergonomic}
   size_t MaxHeapSize                              = 3745513472                                {product} {ergonomic}
   size_t MaxNewSize                               = 2247098368                                {product} {ergonomic}
   size_t MinHeapDeltaBytes                        = 1048576                                   {product} {ergonomic}
    uintx NonNMethodCodeHeapSize                   = 5836300                                {pd product} {ergonomic}
    uintx NonProfiledCodeHeapSize                  = 122910970                              {pd product} {ergonomic}
    uintx ProfiledCodeHeapSize                     = 122910970                              {pd product} {ergonomic}
    uintx ReservedCodeCacheSize                    = 251658240                              {pd product} {ergonomic}
     bool SegmentedCodeCache                       = true                                      {product} {ergonomic}
     bool UseCompressedClassPointers               = true                                 {lp64_product} {ergonomic}
     bool UseCompressedOops                        = true                                 {lp64_product} {ergonomic}
     bool UseG1GC                                  = true                                      {product} {ergonomic}
     bool UseLargePagesIndividualAllocation        = false                                  {pd product} {ergonomic}

Logging:
Log output configuration:
 #0: stdout all=warning uptime,level,tags
 #1: stderr all=off uptime,level,tags

Environment Variables:
PATH=C:\Program Files\Git\mingw64\libexec\git-core;C:\Program Files\Git\mingw64\libexec\git-core;C:\Program Files\Git\mingw64\bin;C:\Program Files\Git\usr\bin;C:\Users\Shnip\bin;C:\Python310\Scripts;C:\Python310;C:\Python39\Scripts;C:\Python39;C:\Windows\system32;C:\Windows;C:\Windows\System32\Wbem;C:\Windows\System32\WindowsPowerShell\v1.0;C:\Windows\System32\OpenSSH;C:\Program Files\Git\cmd;C:\Program Files\Git LFS;C:\ProgramData\chocolatey\bin;C:\Program Files\nodejs;C:\Program Files\Docker\Docker\resources\bin;C:\ProgramData\DockerDesktop\version-bin;C:\Php;C:\Users\Shnip\AppData\Local\Microsoft\WindowsApps;C:\Users\Shnip\AppData\Local\Programs\Microsoft VS Code\bin;C:\Users\Shnip\AppData\Roaming\npm;C:\Program Files\JetBrains\WebStorm 2022.1\bin
USERNAME=Shnip
DISPLAY=:0.0
LC_ALL=en_US.UTF-8
OS=Windows_NT
PROCESSOR_IDENTIFIER=AMD64 Family 23 Model 24 Stepping 1, AuthenticAMD



---------------  S Y S T E M  ---------------

OS: Windows 10 , 64 bit Build 19041 (10.0.19041.1503)
OS uptime: 25 days 20:14 hours

CPU:total 8 (initial active 8) (8 cores per cpu, 2 threads per core) family 23 model 24 stepping 1 microcode 0x0, cmov, cx8, fxsr, mmx, sse, sse2, sse3, ssse3, sse4.1, sse4.2, popcnt, avx, avx2, aes, clmul, mmxext, 3dnowpref, lzcnt, sse4a, ht, tsc, tscinvbit, tscinv, bmi1, bmi2, adx, sha, fma

Memory: 4k page, system-wide physical 14284M (3932M free)
TotalPageFile size 16332M (AvailPageFile size 86M)
current process WorkingSet (physical memory assigned to process): 52M, peak: 52M
current process commit charge ("private bytes"): 305M, peak: 305M

vm_info: OpenJDK 64-Bit Server VM (11.0.14.1+1-b2043.25) for windows-amd64 JRE (11.0.14.1+1-b2043.25), built on Mar 30 2022 06:22:56 by "" with MS VC++ 14.0 (VS2015)

END.
